Build started 17/05/2017 5:46:47.
     1>Project "C:\Users\Miquel\Documents\GitHub\MiquelOliver_InformaticaGrafica\Practica1\Proyecto.vcxproj" on node 2 (Build target(s)).
     1>ClCompile:
         C:\Program Files (x86)\Microsoft Visual Studio 14.0\VC\bin\CL.exe /c /I.\include\soil\src /I.\Common /I.\include\glm /I.\include\glfw\include /I.\include\glew\include /ZI /nologo /W3 /WX- /Od /Oy- /D WIN32 /D _DEBUG /D _CONSOLE /D _UNICODE /D UNICODE /Gm /EHsc /RTC1 /MDd /GS /fp:precise /Zc:wchar_t /Zc:forScope /Zc:inline /Fo"Debug\\" /Fd"Debug\vc140.pdb" /Gd /TP /analyze- /errorReport:prompt src\main.cpp
         main.cpp
     1>c:\users\miquel\documents\github\miqueloliver_informaticagrafica\practica1\src\time.hpp(13): warning C4244: '=': conversion from 'double' to 'float', possible loss of data
     1>c:\users\miquel\documents\github\miqueloliver_informaticagrafica\practica1\src\time.hpp(20): warning C4244: 'return': conversion from 'double' to 'float', possible loss of data
     1>c:\users\miquel\documents\github\miqueloliver_informaticagrafica\practica1\src\camera.hpp(57): warning C4244: '=': conversion from 'double' to 'GLfloat', possible loss of data
     1>c:\users\miquel\documents\github\miqueloliver_informaticagrafica\practica1\src\camera.hpp(58): warning C4244: '=': conversion from 'double' to 'GLfloat', possible loss of data
     1>c:\users\miquel\documents\github\miqueloliver_informaticagrafica\practica1\src\camera.hpp(62): warning C4244: 'initializing': conversion from 'double' to 'GLfloat', possible loss of data
     1>c:\users\miquel\documents\github\miqueloliver_informaticagrafica\practica1\src\camera.hpp(63): warning C4244: 'initializing': conversion from 'double' to 'GLfloat', possible loss of data
     1>c:\users\miquel\documents\github\miqueloliver_informaticagrafica\practica1\src\camera.hpp(64): warning C4244: '=': conversion from 'double' to 'GLfloat', possible loss of data
     1>c:\users\miquel\documents\github\miqueloliver_informaticagrafica\practica1\src\camera.hpp(65): warning C4244: '=': conversion from 'double' to 'GLfloat', possible loss of data
     1>c:\users\miquel\documents\github\miqueloliver_informaticagrafica\practica1\src\camera.hpp(88): warning C4244: '-=': conversion from 'double' to 'GLfloat', possible loss of data
       Link:
         C:\Program Files (x86)\Microsoft Visual Studio 14.0\VC\bin\link.exe /ERRORREPORT:PROMPT /OUT:"C:\Users\Miquel\Documents\GitHub\MiquelOliver_InformaticaGrafica\Practica1\Debug\Practica1.exe" /INCREMENTAL /NOLOGO /LIBPATH:.\assimp\lib /LIBPATH:.\include\soil\lib /LIBPATH:.\include\glew\lib\Release\Win32 /LIBPATH:".\include\glfw\lib-vc2015" libSOIL.lib opengl32.lib glew32s.lib glfw3.lib kernel32.lib user32.lib gdi32.lib winspool.lib comdlg32.lib advapi32.lib shell32.lib ole32.lib oleaut32.lib uuid.lib odbc32.lib odbccp32.lib /MANIFEST /MANIFESTUAC:"level='asInvoker' uiAccess='false'" /manifest:embed /Debug /PDB:"C:\Users\Miquel\Documents\GitHub\MiquelOliver_InformaticaGrafica\Practica1\Debug\Practica1.pdb" /SUBSYSTEM:CONSOLE /TLBID:1 /DYNAMICBASE /NXCOMPAT /IMPLIB:"C:\Users\Miquel\Documents\GitHub\MiquelOliver_InformaticaGrafica\Practica1\Debug\Practica1.lib" /MACHINE:X86 Debug\main.obj
         Debug\Object.obj
     1>LINK : warning LNK4098: defaultlib 'LIBCMT' conflicts with use of other libs; use /NODEFAULTLIB:library
     1>LINK : warning LNK4098: defaultlib 'MSVCRT' conflicts with use of other libs; use /NODEFAULTLIB:library
     1>libSOIL.lib(image_DXT.obj) : warning LNK4099: PDB 'SOIL.pdb' was not found with 'libSOIL.lib(image_DXT.obj)' or at 'C:\Users\Miquel\Documents\GitHub\MiquelOliver_InformaticaGrafica\Practica1\Debug\SOIL.pdb'; linking object as if no debug info
     1>libSOIL.lib(image_helper.obj) : warning LNK4099: PDB 'SOIL.pdb' was not found with 'libSOIL.lib(image_helper.obj)' or at 'C:\Users\Miquel\Documents\GitHub\MiquelOliver_InformaticaGrafica\Practica1\Debug\SOIL.pdb'; linking object as if no debug info
     1>libSOIL.lib(SOIL.obj) : warning LNK4099: PDB 'SOIL.pdb' was not found with 'libSOIL.lib(SOIL.obj)' or at 'C:\Users\Miquel\Documents\GitHub\MiquelOliver_InformaticaGrafica\Practica1\Debug\SOIL.pdb'; linking object as if no debug info
     1>libSOIL.lib(stb_image_aug.obj) : warning LNK4099: PDB 'SOIL.pdb' was not found with 'libSOIL.lib(stb_image_aug.obj)' or at 'C:\Users\Miquel\Documents\GitHub\MiquelOliver_InformaticaGrafica\Practica1\Debug\SOIL.pdb'; linking object as if no debug info
     1>glew32s.lib(glew.obj) : warning LNK4099: PDB 'vc120.pdb' was not found with 'glew32s.lib(glew.obj)' or at 'C:\Users\Miquel\Documents\GitHub\MiquelOliver_InformaticaGrafica\Practica1\Debug\vc120.pdb'; linking object as if no debug info
         Proyecto.vcxproj -> C:\Users\Miquel\Documents\GitHub\MiquelOliver_InformaticaGrafica\Practica1\Debug\Practica1.exe
     1>Done Building Project "C:\Users\Miquel\Documents\GitHub\MiquelOliver_InformaticaGrafica\Practica1\Proyecto.vcxproj" (Build target(s)).

Build succeeded.

Time Elapsed 00:00:01.33
